root@2d0efab0da51:/app/nockchain/bin# nockchain-wallet keygen
I (02:25:02) [no] kernel::boot: kernel: starting
D (02:25:02) [no] kernel::boot: kernel: pma directory: "/root/.nockapp/wallet/wallet/pma"
D (02:25:02) [no] kernel::boot: kernel: jam buffer paths: "/root/.nockapp/wallet/wallet/checkpoints/0.chkjam", "/root/.nockapp/wallet/wallet/checkpoints/1.chkjam"
I (02:25:03) [no] kernel::form: Found existing state - restoring from checkpoint
D (02:25:03) [no] kernel::checkpoint: Loading checkpoint at: /root/.nockapp/wallet/wallet/checkpoints/1.chkjam, checksum: 2bd9ac22f4f9f81516b3d4234defcd73513f251e7a89ce1e53543c1f4c010edc
I (02:25:04) [%build-hash 0vo.2gegt]
D (02:25:04) registry: Falling back to delay time default, GNORT_DELAY_MILLIS wasn't specified and delay wasn't set in the code.
D (02:25:04) registry: Falling back to delay time default, GNORT_OBSERVATION_PERIOD_MILLIS wasn't specified and delay wasn't set in the code.
D (02:25:04) nockapp: Added IO driver
D (02:25:04) nockapp: Added IO driver
D (02:25:04) nockapp: Added IO driver
D (02:25:04) nockapp: Added IO driver
D (02:25:04) nockapp: Action channel received
D (02:25:04) [no] nockapp::driver: Waiting for recv on next effect
D (02:25:04) [no] drivers::exit: exit_driver: waiting for effect
D (02:25:04) [no] nockapp::driver: Waiting for recv on next effect
D (02:25:04) [no] nockapp::driver: Waiting for recv on next effect
D (02:25:08) wallet: debug: memo: ring danger fancy head noodle beyond lyrics uphold mirror razor bulk strong amused scrub captain shove kite turn child twenty bus canvas badge metal
D (02:25:08) wallet: debug: adding key at /keys/~~3e~43.4e~47.72m~57.vq~5a.~44.~5a.~4b.~45.g4~4b.~46.~51.8~4c.k6~47.oceqake2~44.~57.rn8~50.1n~4b.v~58.8u~48.qc~58.k2b47nq3o3~4d.~51.s~54.~50.7~4b.~47.q~52.p1~47.~58.pt18~45.~4a.~42.~43.e~53.~54.~48.w~4d.tgp~55.~55.~47.m~5a.~52.a~4b.~45.1p~4b.r~50.g~4e.m~43.i7~4a.5~43.~45.~50.~41.p~48.~43.~44.1x9~57.j~41.u~47.2/pub/m
D (02:25:08) wallet: debug: adding key at /keys/~~3e~43.4e~47.72m~57.vq~5a.~44.~5a.~4b.~45.g4~4b.~46.~51.8~4c.k6~47.oceqake2~44.~57.rn8~50.1n~4b.v~58.8u~48.qc~58.k2b47nq3o3~4d.~51.s~54.~50.7~4b.~47.q~52.p1~47.~58.pt18~45.~4a.~42.~43.e~53.~54.~48.w~4d.tgp~55.~55.~47.m~5a.~52.a~4b.~45.1p~4b.r~50.g~4e.m~43.i7~4a.5~43.~45.~50.~41.p~48.~43.~44.1x9~57.j~41.u~47.2/prv/m
D (02:25:08) wallet: debug: keygen: private key: "2P5MZJVMTpi6X5MDMbGvZpJxsyQZ1N5ri9A73gMQ2dSe"
D (02:25:08) wallet: debug: keygen: public key: "3eC4eG72mWvqZDZKEg4KFQ8Lk6Goceqake2DWrn8P1nKvX8uHqcXk2b47nq3o3MQsTP7KGqRp1GXpt18EJBCeSTHwMtgpUUGmZRaKE1pKrPgNmCi7J5CEPApHCD1x9WjAuG2"
D (02:25:08) wallet: debug: no pending commands to execute
D (02:25:08) wallet: debug: cause: %keygen
D (02:25:08) wallet: debug: wire: [~.one-punch 1 /]
W (02:25:08) wallet: warning: debug printing may expose sensitive information
Keygen

New Public Key
"3eC4eG72mWvqZDZKEg4KFQ8Lk6Goceqake2DWrn8P1nKvX8uHqcXk2b47nq3o3MQsTP7KGqRp1GXpt18EJBCeSTHwMtg
pUUGmZRaKE1pKrPgNmCi7J5CEPApHCD1x9WjAuG2"

New Private Key
"2P5MZJVMTpi6X5MDMbGvZpJxsyQZ1N5ri9A73gMQ2dSe"

Chain Code
"GLkCjbLJ3PApqq8sXXQdXC4ZRFaJcETUwK8Cy91Ud2sD"

Seed Phrase
'ring danger fancy head noodle beyond lyrics uphold mirror razor bulk strong amused scrub 
captain shove kite turn child twenty bus canvas badge metal'

D (02:25:08) [no] drivers::one_punch: Poke successful
D (02:25:08) [no] nockapp::driver: Waiting for recv on next effect
D (02:25:08) [no] nockapp::driver: Waiting for recv on next effect
D (02:25:08) [no] nockapp::driver: Waiting for recv on next effect
D (02:25:08) [no] nockapp::driver: Waiting for recv on next effect
D (02:25:08) [no] nockapp::driver: Waiting for recv on next effect
D (02:25:08) [no] nockapp::driver: Waiting for recv on next effect
I (02:25:08) nockapp: Exit signal received with code 0, forcing immediate save
D (02:25:08) nockapp: Exit request received, waiting for save checkpoint with event_num 3 (code 0)
D (02:25:08) nockapp: Save event_num reached, finishing with code 0
D (02:25:08) nockapp: Sending shutdown result
D (02:25:08) nockapp: Shutdown triggered, exiting